<?xml version="1.0" encoding="UTF-8"?>
<!-- Generated by org.testng.reporters.JUnitReportReporter -->
<testsuite hostname="LAPTOP-CTDUKSGB" failures="0" tests="4" name="demoProject.LoginValidate" time="43.419" errors="0" timestamp="2021-02-28T11:27:26 IST" skipped="0">
  <testcase classname="demoProject.LoginValidate" name="loginExample" time="9.879"/>
  <system-out/>
  <testcase classname="demoProject.LoginValidate" name="loginExample" time="9.294"/>
  <system-out/>
  <testcase classname="demoProject.LoginValidate" name="loginExample" time="13.088"/>
  <system-out/>
  <testcase classname="demoProject.LoginValidate" name="loginExample" time="11.158"/>
  <system-out/>
</testsuite> <!-- demoProject.LoginValidate -->
