<?xml version="1.0" encoding="UTF-8"?>
<!-- Generated by org.testng.reporters.JUnitReportReporter -->
<testsuite hostname="LAPTOP-CTDUKSGB" failures="0" tests="1" name="demoProject.BothWrong" time="8.915" errors="0" timestamp="2021-02-28T10:43:26 IST" skipped="0">
  <testcase classname="demoProject.BothWrong" name="bothAreWrong" time="8.915"/>
  <system-out/>
</testsuite> <!-- demoProject.BothWrong -->
