<?xml version="1.0" encoding="UTF-8"?>
<!-- Generated by org.testng.reporters.JUnitReportReporter -->
<testsuite hostname="LAPTOP-CTDUKSGB" failures="0" tests="1" name="demoProject.BothInCorrect" time="13.799" errors="0" timestamp="2021-02-28T10:43:26 IST" skipped="0">
  <testcase classname="demoProject.BothInCorrect" name="bothAreCorrect" time="13.799"/>
  <system-out/>
</testsuite> <!-- demoProject.BothInCorrect -->
