<?xml version="1.0" encoding="UTF-8"?>
<!-- Generated by org.testng.reporters.JUnitReportReporter -->
<testsuite hostname="LAPTOP-CTDUKSGB" failures="0" tests="4" name="demoProject.JmlExcel" time="4.779" errors="0" timestamp="2021-03-01T10:52:01 IST" skipped="0">
  <testcase classname="demoProject.JmlExcel" name="LoginValidate" time="1.395"/>
  <system-out/>
  <testcase classname="demoProject.JmlExcel" name="LoginValidate" time="1.254"/>
  <system-out/>
  <testcase classname="demoProject.JmlExcel" name="LoginValidate" time="1.249"/>
  <system-out/>
  <testcase classname="demoProject.JmlExcel" name="LoginValidate" time="0.881"/>
  <system-out/>
</testsuite> <!-- demoProject.JmlExcel -->
